[debug] [2025-03-05T00:05:40.514Z] ----------------------------------------------------------------------
[debug] [2025-03-05T00:05:40.518Z] Command:       C:\Program Files\nodejs\node.exe C:\Program Files\nodejs\node_modules\firebase-tools\lib\bin\firebase.js init
[debug] [2025-03-05T00:05:40.519Z] CLI Version:   13.32.0
[debug] [2025-03-05T00:05:40.519Z] Platform:      win32
[debug] [2025-03-05T00:05:40.519Z] Node Version:  v20.18.3
[debug] [2025-03-05T00:05:40.519Z] Time:          Tue Mar 04 2025 18:05:40 GMT-0600 (Central Standard Time)
[debug] [2025-03-05T00:05:40.520Z] ----------------------------------------------------------------------
[debug] 
[debug] [2025-03-05T00:05:40.531Z] > command requires scopes: ["email","openid","https://www.googleapis.com/auth/cloudplatformprojects.readonly","https://www.googleapis.com/auth/firebase","https://www.googleapis.com/auth/cloud-platform"]
[debug] [2025-03-05T00:05:40.532Z] > authorizing via signed-in user (chhabrapranav2001@gmail.com)
[info] 
     ######## #### ########  ######## ########     ###     ######  ########
     ##        ##  ##     ## ##       ##     ##  ##   ##  ##       ##
     ######    ##  ########  ######   ########  #########  ######  ######
     ##        ##  ##    ##  ##       ##     ## ##     ##       ## ##
     ##       #### ##     ## ######## ########  ##     ##  ######  ########

You're about to initialize a Firebase project in this directory:

  C:\pranav\vs code project\insta_caption_generator

Before we get started, keep in mind:

  * You are currently outside your home directory

